c:\users\kistofe\desktop\physics3d_class6 - solution\debug\vc141.pdb
c:\users\kistofe\desktop\physics3d_class6 - solution\debug\vc141.idb
c:\users\kistofe\desktop\physics3d_class6 - solution\debug\application.obj
c:\users\kistofe\desktop\physics3d_class6 - solution\debug\color.obj
c:\users\kistofe\desktop\physics3d_class6 - solution\debug\glmath.obj
c:\users\kistofe\desktop\physics3d_class6 - solution\debug\light.obj
c:\users\kistofe\desktop\physics3d_class6 - solution\debug\log.obj
c:\users\kistofe\desktop\physics3d_class6 - solution\debug\main.obj
c:\users\kistofe\desktop\physics3d_class6 - solution\debug\moduleaudio.obj
c:\users\kistofe\desktop\physics3d_class6 - solution\debug\modulecamera3d.obj
c:\users\kistofe\desktop\physics3d_class6 - solution\debug\moduleinput.obj
c:\users\kistofe\desktop\physics3d_class6 - solution\debug\modulephysics3d.obj
c:\users\kistofe\desktop\physics3d_class6 - solution\debug\moduleplayer.obj
c:\users\kistofe\desktop\physics3d_class6 - solution\debug\modulerenderer3d.obj
c:\users\kistofe\desktop\physics3d_class6 - solution\debug\modulesceneintro.obj
c:\users\kistofe\desktop\physics3d_class6 - solution\debug\modulewindow.obj
c:\users\kistofe\desktop\physics3d_class6 - solution\debug\physbody3d.obj
c:\users\kistofe\desktop\physics3d_class6 - solution\debug\physvehicle3d.obj
c:\users\kistofe\desktop\physics3d_class6 - solution\debug\primitive.obj
c:\users\kistofe\desktop\physics3d_class6 - solution\debug\timer.obj
c:\users\kistofe\desktop\physics3d_class6 - solution\debug\pugixml.obj
c:\users\kistofe\documents\github\racing-3d-game\debug\vc141.pdb
c:\users\kistofe\documents\github\racing-3d-game\debug\vc141.idb
c:\users\kistofe\documents\github\racing-3d-game\debug\application.obj
c:\users\kistofe\documents\github\racing-3d-game\debug\color.obj
c:\users\kistofe\documents\github\racing-3d-game\debug\glmath.obj
c:\users\kistofe\documents\github\racing-3d-game\debug\light.obj
c:\users\kistofe\documents\github\racing-3d-game\debug\log.obj
c:\users\kistofe\documents\github\racing-3d-game\debug\main.obj
c:\users\kistofe\documents\github\racing-3d-game\debug\moduleaudio.obj
c:\users\kistofe\documents\github\racing-3d-game\debug\modulecamera3d.obj
c:\users\kistofe\documents\github\racing-3d-game\debug\moduleinput.obj
c:\users\kistofe\documents\github\racing-3d-game\debug\modulephysics3d.obj
c:\users\kistofe\documents\github\racing-3d-game\debug\moduleplayer.obj
c:\users\kistofe\documents\github\racing-3d-game\debug\modulerenderer3d.obj
c:\users\kistofe\documents\github\racing-3d-game\debug\modulesceneintro.obj
c:\users\kistofe\documents\github\racing-3d-game\debug\modulewindow.obj
c:\users\kistofe\documents\github\racing-3d-game\debug\physbody3d.obj
c:\users\kistofe\documents\github\racing-3d-game\debug\physvehicle3d.obj
c:\users\kistofe\documents\github\racing-3d-game\debug\primitive.obj
c:\users\kistofe\documents\github\racing-3d-game\debug\timer.obj
c:\users\kistofe\desktop\physics3d_class6 - solution\debug\3d physics - class6.exe
c:\users\kistofe\desktop\physics3d_class6 - solution\debug\3d physics - class6.ilk
c:\users\kistofe\desktop\physics3d_class6 - solution\debug\3d physics - class6.pdb
c:\users\kistofe\documents\github\racing-3d-game\debug\pugixml.obj
c:\users\kistofe\documents\github\racing-3d-game\debug\3d physics - class5.ilk
c:\users\kistofe\documents\github\racing-3d-game\debug\3d physics - class6.ilk
c:\users\kistofe\documents\github\racing-3d-game\debug\3d physics - class5.pdb
c:\users\kistofe\documents\github\racing-3d-game\debug\3d physics - class6.pdb
c:\users\kistofe\documents\github\racing-3d-game\debug\3d physics - class6.exe
c:\users\kistofe\documents\github\racing-3d-game\debug\3d physi.746cc4c3.tlog\cl.command.1.tlog
c:\users\kistofe\documents\github\racing-3d-game\debug\3d physi.746cc4c3.tlog\cl.read.1.tlog
c:\users\kistofe\documents\github\racing-3d-game\debug\3d physi.746cc4c3.tlog\cl.write.1.tlog
c:\users\kistofe\documents\github\racing-3d-game\debug\3d physi.746cc4c3.tlog\link.command.1.tlog
c:\users\kistofe\documents\github\racing-3d-game\debug\3d physi.746cc4c3.tlog\link.read.1.tlog
c:\users\kistofe\documents\github\racing-3d-game\debug\3d physi.746cc4c3.tlog\link.write.1.tlog
